-------------------------------------------------------------------------------
Test set: BankingApplicationTests
-------------------------------------------------------------------------------
Tests run: 1, Failures: 0, Errors: 1, Skipped: 0, Time elapsed: 0.737 s <<< FAILURE! - in BankingApplicationTests
BankingApplicationTests  Time elapsed: 0.734 s  <<< ERROR!
java.lang.IllegalStateException: Unable to find a @SpringBootConfiguration, you need to use @ContextConfiguration or @SpringBootTest(classes=...) with your test

