<?xml version="1.0" encoding="UTF-8"?>
<testsuite xmlns:xsi="http://www.w3.org/2001/XMLSchema-instance" xsi:noNamespaceSchemaLocation="https://maven.apache.org/surefire/maven-surefire-plugin/xsd/surefire-test-report.xsd" name="BankingApplicationTests" time="0.737" tests="1" errors="1" skipped="0" failures="0">
  <properties>
[...]
</properties>
  <testcase name="BankingApplicationTests" classname="BankingApplicationTests" time="0.734">
    <error message="Unable to find a @SpringBootConfiguration, you need to use @ContextConfiguration or @SpringBootTest(classes=...) with your test" type="java.lang.IllegalStateException">java.lang.IllegalStateException: Unable to find a @SpringBootConfiguration, you need to use @ContextConfiguration or @SpringBootTest(classes=...) with your test
</error>
    <system-out><![CDATA[12:53:13.818 [main] DEBUG org.springframework.test.context.BootstrapUtils - Instantiating CacheAwareContextLoaderDelegate from class [org.springframework.test.context.cache.DefaultCacheAwareContextLoaderDelegate]
12:53:13.880 [main] DEBUG org.springframework.test.context.BootstrapUtils - Instantiating BootstrapContext using constructor [public org.springframework.test.context.support.DefaultBootstrapContext(java.lang.Class,org.springframework.test.context.CacheAwareContextLoaderDelegate)]
12:53:13.929 [main] DEBUG org.springframework.test.context.BootstrapUtils - Instantiating TestContextBootstrapper for test class [BankingApplicationTests] from class [org.springframework.boot.test.context.SpringBootTestContextBootstrapper]
12:53:13.947 [main] INFO org.springframework.boot.test.context.SpringBootTestContextBootstrapper - Neither @ContextConfiguration nor @ContextHierarchy found for test class [BankingApplicationTests], using SpringBootContextLoader
12:53:13.953 [main] DEBUG org.springframework.test.context.support.AbstractContextLoader - Did not detect default resource location for test class [BankingApplicationTests]: class path resource [BankingApplicationTests-context.xml] does not exist
12:53:13.954 [main] DEBUG org.springframework.test.context.support.AbstractContextLoader - Did not detect default resource location for test class [BankingApplicationTests]: class path resource [BankingApplicationTestsContext.groovy] does not exist
12:53:13.955 [main] INFO org.springframework.test.context.support.AbstractContextLoader - Could not detect default resource locations for test class [BankingApplicationTests]: no resource found for suffixes {-context.xml, Context.groovy}.
12:53:13.956 [main] INFO org.springframework.test.context.support.AnnotationConfigContextLoaderUtils - Could not detect default configuration classes for test class [BankingApplicationTests]: BankingApplicationTests does not declare any static, non-private, non-final, nested classes annotated with @Configuration.
12:53:14.111 [main] DEBUG org.springframework.test.context.support.ActiveProfilesUtils - Could not find an 'annotation declaring class' for annotation type [org.springframework.test.context.ActiveProfiles] and class [BankingApplicationTests]
12:53:14.138 [main] DEBUG org.springframework.test.context.BootstrapUtils - Instantiating CacheAwareContextLoaderDelegate from class [org.springframework.test.context.cache.DefaultCacheAwareContextLoaderDelegate]
12:53:14.138 [main] DEBUG org.springframework.test.context.BootstrapUtils - Instantiating BootstrapContext using constructor [public org.springframework.test.context.support.DefaultBootstrapContext(java.lang.Class,org.springframework.test.context.CacheAwareContextLoaderDelegate)]
12:53:14.139 [main] DEBUG org.springframework.test.context.BootstrapUtils - Instantiating TestContextBootstrapper for test class [BankingApplicationTests] from class [org.springframework.boot.test.context.SpringBootTestContextBootstrapper]
12:53:14.139 [main] INFO org.springframework.boot.test.context.SpringBootTestContextBootstrapper - Neither @ContextConfiguration nor @ContextHierarchy found for test class [BankingApplicationTests], using SpringBootContextLoader
12:53:14.140 [main] DEBUG org.springframework.test.context.support.AbstractContextLoader - Did not detect default resource location for test class [BankingApplicationTests]: class path resource [BankingApplicationTests-context.xml] does not exist
12:53:14.141 [main] DEBUG org.springframework.test.context.support.AbstractContextLoader - Did not detect default resource location for test class [BankingApplicationTests]: class path resource [BankingApplicationTestsContext.groovy] does not exist
12:53:14.141 [main] INFO org.springframework.test.context.support.AbstractContextLoader - Could not detect default resource locations for test class [BankingApplicationTests]: no resource found for suffixes {-context.xml, Context.groovy}.
12:53:14.141 [main] INFO org.springframework.test.context.support.AnnotationConfigContextLoaderUtils - Could not detect default configuration classes for test class [BankingApplicationTests]: BankingApplicationTests does not declare any static, non-private, non-final, nested classes annotated with @Configuration.
12:53:14.148 [main] DEBUG org.springframework.test.context.support.ActiveProfilesUtils - Could not find an 'annotation declaring class' for annotation type [org.springframework.test.context.ActiveProfiles] and class [BankingApplicationTests]
12:53:14.149 [main] DEBUG org.springframework.test.context.BootstrapUtils - Instantiating CacheAwareContextLoaderDelegate from class [org.springframework.test.context.cache.DefaultCacheAwareContextLoaderDelegate]
12:53:14.150 [main] DEBUG org.springframework.test.context.BootstrapUtils - Instantiating BootstrapContext using constructor [public org.springframework.test.context.support.DefaultBootstrapContext(java.lang.Class,org.springframework.test.context.CacheAwareContextLoaderDelegate)]
12:53:14.151 [main] DEBUG org.springframework.test.context.BootstrapUtils - Instantiating TestContextBootstrapper for test class [BankingApplicationTests] from class [org.springframework.boot.test.context.SpringBootTestContextBootstrapper]
12:53:14.153 [main] INFO org.springframework.boot.test.context.SpringBootTestContextBootstrapper - Neither @ContextConfiguration nor @ContextHierarchy found for test class [BankingApplicationTests], using SpringBootContextLoader
12:53:14.154 [main] DEBUG org.springframework.test.context.support.AbstractContextLoader - Did not detect default resource location for test class [BankingApplicationTests]: class path resource [BankingApplicationTests-context.xml] does not exist
12:53:14.154 [main] DEBUG org.springframework.test.context.support.AbstractContextLoader - Did not detect default resource location for test class [BankingApplicationTests]: class path resource [BankingApplicationTestsContext.groovy] does not exist
12:53:14.155 [main] INFO org.springframework.test.context.support.AbstractContextLoader - Could not detect default resource locations for test class [BankingApplicationTests]: no resource found for suffixes {-context.xml, Context.groovy}.
12:53:14.155 [main] INFO org.springframework.test.context.support.AnnotationConfigContextLoaderUtils - Could not detect default configuration classes for test class [BankingApplicationTests]: BankingApplicationTests does not declare any static, non-private, non-final, nested classes annotated with @Configuration.
12:53:14.162 [main] DEBUG org.springframework.test.context.support.ActiveProfilesUtils - Could not find an 'annotation declaring class' for annotation type [org.springframework.test.context.ActiveProfiles] and class [BankingApplicationTests]
]]></system-out>
  </testcase>
</testsuite>